[debug] [2017-11-01T09:36:20.357Z] ----------------------------------------------------------------------
[debug] [2017-11-01T09:36:20.360Z] Command:       /usr/bin/node /usr/bin/firebase serve
[debug] [2017-11-01T09:36:20.361Z] CLI Version:   3.14.0
[debug] [2017-11-01T09:36:20.361Z] Platform:      linux
[debug] [2017-11-01T09:36:20.361Z] Node Version:  v8.8.1
[debug] [2017-11-01T09:36:20.361Z] Time:          Wed Nov 01 2017 10:36:20 GMT+0100 (CET)
[debug] [2017-11-01T09:36:20.361Z] ----------------------------------------------------------------------
[debug] 
[debug] [2017-11-01T09:36:20.373Z] > command requires scopes: ["email","openid","https://www.googleapis.com/auth/cloudplatformprojects.readonly","https://www.googleapis.com/auth/firebase","https://www.googleapis.com/auth/cloud-platform"]
[debug] [2017-11-01T09:36:20.373Z] > authorizing via signed-in user
[debug] [2017-11-01T09:36:20.375Z] >>> HTTP REQUEST GET https://admin.firebase.com/v1/projects/homepage-ljukas  
 Wed Nov 01 2017 10:36:20 GMT+0100 (CET)
[debug] [2017-11-01T09:36:21.150Z] <<< HTTP RESPONSE 200
[debug] [2017-11-01T09:36:21.151Z] >>> HTTP REQUEST GET https://admin.firebase.com/v1/database/homepage-ljukas/tokens  
 Wed Nov 01 2017 10:36:21 GMT+0100 (CET)
[debug] [2017-11-01T09:36:22.013Z] <<< HTTP RESPONSE 200
[info] 
[info] === Serving from '/home/lukas/Documents/projects/homepage-lukas'...
[info] 
[debug] [2017-11-01T09:36:22.018Z] >>> HTTP REQUEST GET https://cloudresourcemanager.googleapis.com/v1/projects/homepage-ljukas  
 Wed Nov 01 2017 10:36:22 GMT+0100 (CET)
[debug] [2017-11-01T09:36:23.013Z] <<< HTTP RESPONSE 200
[debug] [2017-11-01T09:36:23.014Z] >>> HTTP REQUEST GET https://mobilesdk-pa.googleapis.com/v1/projects/938098120846/clients/_:getWebAppConfig  
 Wed Nov 01 2017 10:36:23 GMT+0100 (CET)
[debug] [2017-11-01T09:36:23.473Z] <<< HTTP RESPONSE 200
[info] i  hosting: Serving hosting files from: public
[info] ✔  hosting: Local server: http://localhost:5000

